c:\users\jaeikbae\source\repos\opp_team10_2021\opp_team10_2021\x64\debug\vc142.pdb
c:\users\jaeikbae\source\repos\opp_team10_2021\opp_team10_2021\x64\debug\vc142.idb
c:\users\jaeikbae\source\repos\opp_team10_2021\opp_team10_2021\x64\debug\depositaccount.obj
c:\users\jaeikbae\source\repos\opp_team10_2021\opp_team10_2021\x64\debug\account.obj
c:\users\jaeikbae\source\repos\opp_team10_2021\opp_team10_2021\x64\debug\소스.obj
c:\users\jaeikbae\source\repos\opp_team10_2021\opp_team10_2021\x64\debug\savingaccount.obj
c:\users\jaeikbae\source\repos\opp_team10_2021\x64\debug\opp_team10_2021.pdb
c:\users\jaeikbae\source\repos\opp_team10_2021\opp_team10_2021\x64\debug\opp_team10_2021.tlog\cl.command.1.tlog
c:\users\jaeikbae\source\repos\opp_team10_2021\opp_team10_2021\x64\debug\opp_team10_2021.tlog\cl.read.1.tlog
c:\users\jaeikbae\source\repos\opp_team10_2021\opp_team10_2021\x64\debug\opp_team10_2021.tlog\cl.write.1.tlog
c:\users\jaeikbae\source\repos\opp_team10_2021\opp_team10_2021\x64\debug\opp_team10_2021.tlog\link-cvtres.read.1.tlog
c:\users\jaeikbae\source\repos\opp_team10_2021\opp_team10_2021\x64\debug\opp_team10_2021.tlog\link-cvtres.write.1.tlog
c:\users\jaeikbae\source\repos\opp_team10_2021\opp_team10_2021\x64\debug\opp_team10_2021.tlog\link-rc.read.1.tlog
c:\users\jaeikbae\source\repos\opp_team10_2021\opp_team10_2021\x64\debug\opp_team10_2021.tlog\link-rc.write.1.tlog
c:\users\jaeikbae\source\repos\opp_team10_2021\opp_team10_2021\x64\debug\opp_team10_2021.tlog\link.7632-cvtres.read.1.tlog
c:\users\jaeikbae\source\repos\opp_team10_2021\opp_team10_2021\x64\debug\opp_team10_2021.tlog\link.7632-cvtres.write.1.tlog
c:\users\jaeikbae\source\repos\opp_team10_2021\opp_team10_2021\x64\debug\opp_team10_2021.tlog\link.7632-rc.read.1.tlog
c:\users\jaeikbae\source\repos\opp_team10_2021\opp_team10_2021\x64\debug\opp_team10_2021.tlog\link.7632-rc.write.1.tlog
c:\users\jaeikbae\source\repos\opp_team10_2021\opp_team10_2021\x64\debug\opp_team10_2021.tlog\link.7632.read.1.tlog
c:\users\jaeikbae\source\repos\opp_team10_2021\opp_team10_2021\x64\debug\opp_team10_2021.tlog\link.7632.write.1.tlog
c:\users\jaeikbae\source\repos\opp_team10_2021\opp_team10_2021\x64\debug\opp_team10_2021.tlog\link.command.1.tlog
c:\users\jaeikbae\source\repos\opp_team10_2021\opp_team10_2021\x64\debug\opp_team10_2021.tlog\link.read.1.tlog
c:\users\jaeikbae\source\repos\opp_team10_2021\opp_team10_2021\x64\debug\opp_team10_2021.tlog\link.write.1.tlog
